{"/home/oliver/Documents/seng350/seng350f19-project-2-1/src/DbClient.ts": {"path":"/home/oliver/Documents/seng350/seng350f19-project-2-1/src/DbClient.ts","statementMap":{"0":{"start":{"line":1,"column":0},"end":{"line":1,"column":42}},"1":{"start":{"line":3,"column":0},"end":{"line":3,"column":null}},"2":{"start":{"line":11,"column":10},"end":{"line":23,"column":null}},"3":{"start":{"line":13,"column":14},"end":{"line":13,"column":108}},"4":{"start":{"line":16,"column":25},"end":{"line":16,"column":null}},"5":{"start":{"line":16,"column":16},"end":{"line":16,"column":null}},"6":{"start":{"line":17,"column":12},"end":{"line":17,"column":48}},"7":{"start":{"line":18,"column":12},"end":{"line":18,"column":62}},"8":{"start":{"line":19,"column":12},"end":{"line":19,"column":27}},"9":{"start":{"line":21,"column":12},"end":{"line":21,"column":70}},"10":{"start":{"line":24,"column":0},"end":{"line":24,"column":null}},"11":{"start":{"line":26,"column":0},"end":{"line":26,"column":24}}},"fnMap":{"0":{"name":"(anonymous_13)","decl":{"start":{"line":3,"column":0},"end":{"line":3,"column":null}},"loc":{"start":{"line":3,"column":0},"end":{"line":24,"column":null}}},"1":{"name":"(anonymous_15)","decl":{"start":{"line":11,"column":4},"end":{"line":11,"column":10}},"loc":{"start":{"line":11,"column":4},"end":{"line":23,"column":null}}}},"branchMap":{},"s":{"0":2,"1":2,"2":2,"3":4,"4":4,"5":4,"6":4,"7":4,"8":4,"9":0,"10":2,"11":2},"f":{"0":4,"1":4},"b":{}}
,"/home/oliver/Documents/seng350/seng350f19-project-2-1/src/daos/purchaseDao.ts": {"path":"/home/oliver/Documents/seng350/seng350f19-project-2-1/src/daos/purchaseDao.ts","statementMap":{"0":{"start":{"line":1,"column":0},"end":{"line":1,"column":41}},"1":{"start":{"line":3,"column":0},"end":{"line":3,"column":13}},"2":{"start":{"line":5,"column":12},"end":{"line":5,"column":54}},"3":{"start":{"line":12,"column":17},"end":{"line":22,"column":null}},"4":{"start":{"line":15,"column":27},"end":{"line":15,"column":null}},"5":{"start":{"line":15,"column":16},"end":{"line":15,"column":null}},"6":{"start":{"line":16,"column":12},"end":{"line":16,"column":103}},"7":{"start":{"line":18,"column":12},"end":{"line":18,"column":65}},"8":{"start":{"line":21,"column":8},"end":{"line":21,"column":20}},"9":{"start":{"line":25,"column":17},"end":{"line":35,"column":null}},"10":{"start":{"line":28,"column":27},"end":{"line":28,"column":null}},"11":{"start":{"line":28,"column":16},"end":{"line":28,"column":null}},"12":{"start":{"line":29,"column":12},"end":{"line":29,"column":84}},"13":{"start":{"line":31,"column":12},"end":{"line":31,"column":65}},"14":{"start":{"line":34,"column":8},"end":{"line":34,"column":20}},"15":{"start":{"line":36,"column":0},"end":{"line":36,"column":null}},"16":{"start":{"line":3,"column":13},"end":{"line":3,"column":24}}},"fnMap":{"0":{"name":"(anonymous_13)","decl":{"start":{"line":3,"column":0},"end":{"line":3,"column":13}},"loc":{"start":{"line":3,"column":0},"end":{"line":36,"column":null}}},"1":{"name":"PurchaseDao","decl":{"start":{"line":7,"column":4},"end":{"line":7,"column":null}},"loc":{"start":{"line":7,"column":4},"end":{"line":9,"column":5}}},"2":{"name":"(anonymous_15)","decl":{"start":{"line":12,"column":4},"end":{"line":12,"column":17}},"loc":{"start":{"line":12,"column":47},"end":{"line":22,"column":null}}},"3":{"name":"(anonymous_18)","decl":{"start":{"line":25,"column":4},"end":{"line":25,"column":17}},"loc":{"start":{"line":25,"column":4},"end":{"line":35,"column":null}}}},"branchMap":{"0":{"loc":{"start":{"line":21,"column":8},"end":{"line":21,"column":20}},"type":"switch","locations":[{"start":{"line":21,"column":8},"end":{"line":21,"column":20}}]},"1":{"loc":{"start":{"line":34,"column":8},"end":{"line":34,"column":20}},"type":"switch","locations":[{"start":{"line":34,"column":8},"end":{"line":34,"column":20}}]}},"s":{"0":1,"1":1,"2":2,"3":1,"4":1,"5":1,"6":1,"7":0,"8":0,"9":1,"10":1,"11":1,"12":1,"13":0,"14":0,"15":1,"16":1},"f":{"0":1,"1":2,"2":1,"3":1},"b":{"0":[0],"1":[0]}}
,"/home/oliver/Documents/seng350/seng350f19-project-2-1/src/daos/userDao.ts": {"path":"/home/oliver/Documents/seng350/seng350f19-project-2-1/src/daos/userDao.ts","statementMap":{"0":{"start":{"line":1,"column":0},"end":{"line":1,"column":41}},"1":{"start":{"line":3,"column":0},"end":{"line":3,"column":13}},"2":{"start":{"line":11,"column":17},"end":{"line":21,"column":null}},"3":{"start":{"line":14,"column":27},"end":{"line":14,"column":null}},"4":{"start":{"line":14,"column":16},"end":{"line":14,"column":null}},"5":{"start":{"line":15,"column":12},"end":{"line":15,"column":78}},"6":{"start":{"line":17,"column":12},"end":{"line":17,"column":51}},"7":{"start":{"line":20,"column":8},"end":{"line":20,"column":20}},"8":{"start":{"line":24,"column":17},"end":{"line":34,"column":null}},"9":{"start":{"line":27,"column":27},"end":{"line":27,"column":null}},"10":{"start":{"line":27,"column":16},"end":{"line":27,"column":null}},"11":{"start":{"line":28,"column":12},"end":{"line":28,"column":66}},"12":{"start":{"line":30,"column":12},"end":{"line":30,"column":57}},"13":{"start":{"line":33,"column":8},"end":{"line":33,"column":20}},"14":{"start":{"line":35,"column":0},"end":{"line":35,"column":null}},"15":{"start":{"line":3,"column":13},"end":{"line":3,"column":20}}},"fnMap":{"0":{"name":"(anonymous_13)","decl":{"start":{"line":3,"column":0},"end":{"line":3,"column":13}},"loc":{"start":{"line":3,"column":0},"end":{"line":35,"column":null}}},"1":{"name":"UserDao","decl":{"start":{"line":5,"column":4},"end":{"line":5,"column":null}},"loc":{"start":{"line":5,"column":4},"end":{"line":7,"column":5}}},"2":{"name":"(anonymous_15)","decl":{"start":{"line":11,"column":4},"end":{"line":11,"column":17}},"loc":{"start":{"line":11,"column":37},"end":{"line":21,"column":null}}},"3":{"name":"(anonymous_18)","decl":{"start":{"line":24,"column":4},"end":{"line":24,"column":17}},"loc":{"start":{"line":24,"column":4},"end":{"line":34,"column":null}}}},"branchMap":{"0":{"loc":{"start":{"line":20,"column":8},"end":{"line":20,"column":20}},"type":"switch","locations":[{"start":{"line":20,"column":8},"end":{"line":20,"column":20}}]},"1":{"loc":{"start":{"line":33,"column":8},"end":{"line":33,"column":20}},"type":"switch","locations":[{"start":{"line":33,"column":8},"end":{"line":33,"column":20}}]}},"s":{"0":1,"1":1,"2":1,"3":1,"4":1,"5":1,"6":0,"7":0,"8":1,"9":1,"10":1,"11":1,"12":0,"13":0,"14":1,"15":1},"f":{"0":1,"1":2,"2":1,"3":1},"b":{"0":[0],"1":[0]}}
,"/home/oliver/Documents/seng350/seng350f19-project-2-1/src/routes/userRouter.ts": {"path":"/home/oliver/Documents/seng350/seng350f19-project-2-1/src/routes/userRouter.ts","statementMap":{"0":{"start":{"line":2,"column":0},"end":{"line":2,"column":42}},"1":{"start":{"line":4,"column":0},"end":{"line":4,"column":13}},"2":{"start":{"line":24,"column":8},"end":{"line":24,"column":37}},"3":{"start":{"line":8,"column":18},"end":{"line":21,"column":null}},"4":{"start":{"line":8,"column":4},"end":{"line":8,"column":18}},"5":{"start":{"line":10,"column":8},"end":{"line":10,"column":69}},"6":{"start":{"line":13,"column":8},"end":{"line":15,"column":11}},"7":{"start":{"line":13,"column":82},"end":{"line":15,"column":10}},"8":{"start":{"line":14,"column":12},"end":{"line":14,"column":58}},"9":{"start":{"line":18,"column":8},"end":{"line":20,"column":11}},"10":{"start":{"line":18,"column":90},"end":{"line":20,"column":10}},"11":{"start":{"line":19,"column":11},"end":{"line":19,"column":57}},"12":{"start":{"line":30,"column":17},"end":{"line":54,"column":null}},"13":{"start":{"line":31,"column":12},"end":{"line":31,"column":30}},"14":{"start":{"line":34,"column":20},"end":{"line":34,"column":53}},"15":{"start":{"line":34,"column":12},"end":{"line":34,"column":53}},"16":{"start":{"line":36,"column":12},"end":{"line":36,"column":60}},"17":{"start":{"line":39,"column":8},"end":{"line":53,"column":null}},"18":{"start":{"line":40,"column":12},"end":{"line":45,"column":19}},"19":{"start":{"line":47,"column":12},"end":{"line":52,"column":19}},"20":{"start":{"line":59,"column":17},"end":{"line":85,"column":null}},"21":{"start":{"line":61,"column":12},"end":{"line":61,"column":39}},"22":{"start":{"line":66,"column":19},"end":{"line":66,"column":54}},"23":{"start":{"line":66,"column":12},"end":{"line":66,"column":54}},"24":{"start":{"line":68,"column":12},"end":{"line":68,"column":54}},"25":{"start":{"line":71,"column":8},"end":{"line":84,"column":null}},"26":{"start":{"line":72,"column":12},"end":{"line":77,"column":19}},"27":{"start":{"line":79,"column":12},"end":{"line":83,"column":19}},"28":{"start":{"line":86,"column":0},"end":{"line":86,"column":null}},"29":{"start":{"line":4,"column":13},"end":{"line":4,"column":23}}},"fnMap":{"0":{"name":"(anonymous_13)","decl":{"start":{"line":4,"column":0},"end":{"line":4,"column":13}},"loc":{"start":{"line":4,"column":0},"end":{"line":86,"column":null}}},"1":{"name":"UserRouter","decl":{"start":{"line":23,"column":4},"end":{"line":23,"column":null}},"loc":{"start":{"line":23,"column":4},"end":{"line":25,"column":5}}},"2":{"name":"(anonymous_15)","decl":{"start":{"line":8,"column":4},"end":{"line":8,"column":18}},"loc":{"start":{"line":8,"column":39},"end":{"line":21,"column":5}}},"3":{"name":"(anonymous_16)","decl":{"start":{"line":13,"column":29},"end":{"line":13,"column":35}},"loc":{"start":{"line":13,"column":82},"end":{"line":15,"column":10}}},"4":{"name":"(anonymous_17)","decl":{"start":{"line":13,"column":82},"end":{"line":13,"column":null}},"loc":{"start":{"line":13,"column":82},"end":{"line":15,"column":10}}},"5":{"name":"(anonymous_19)","decl":{"start":{"line":18,"column":37},"end":{"line":18,"column":43}},"loc":{"start":{"line":18,"column":90},"end":{"line":20,"column":10}}},"6":{"name":"(anonymous_20)","decl":{"start":{"line":18,"column":90},"end":{"line":18,"column":null}},"loc":{"start":{"line":18,"column":90},"end":{"line":20,"column":10}}},"7":{"name":"(anonymous_22)","decl":{"start":{"line":30,"column":4},"end":{"line":30,"column":17}},"loc":{"start":{"line":30,"column":71},"end":{"line":54,"column":null}}},"8":{"name":"(anonymous_25)","decl":{"start":{"line":59,"column":4},"end":{"line":59,"column":17}},"loc":{"start":{"line":59,"column":71},"end":{"line":85,"column":null}}}},"branchMap":{"0":{"loc":{"start":{"line":14,"column":12},"end":{"line":14,"column":58}},"type":"switch","locations":[{"start":{"line":14,"column":12},"end":{"line":14,"column":58}}]},"1":{"loc":{"start":{"line":19,"column":11},"end":{"line":19,"column":57}},"type":"switch","locations":[{"start":{"line":19,"column":11},"end":{"line":19,"column":57}}]},"2":{"loc":{"start":{"line":39,"column":8},"end":{"line":53,"column":null}},"type":"if","locations":[{"start":{"line":39,"column":8},"end":{"line":53,"column":null}},{"start":{"line":39,"column":8},"end":{"line":53,"column":null}}]},"3":{"loc":{"start":{"line":71,"column":8},"end":{"line":84,"column":null}},"type":"if","locations":[{"start":{"line":71,"column":8},"end":{"line":84,"column":null}},{"start":{"line":71,"column":8},"end":{"line":84,"column":null}}]}},"s":{"0":1,"1":1,"2":2,"3":1,"4":0,"5":0,"6":0,"7":0,"8":0,"9":0,"10":0,"11":0,"12":1,"13":1,"14":1,"15":0,"16":1,"17":1,"18":0,"19":1,"20":1,"21":1,"22":0,"23":0,"24":0,"25":0,"26":0,"27":0,"28":1,"29":1},"f":{"0":1,"1":2,"2":0,"3":0,"4":0,"5":0,"6":0,"7":1,"8":1},"b":{"0":[0],"1":[0],"2":[0,1],"3":[0,0]}}
}
