TN:
SF:/home/oliver/Documents/seng350/seng350f19-project-2-1/src/DbClient.ts
FN:3,(anonymous_13)
FN:11,(anonymous_15)
FNF:2
FNH:0
FNDA:0,(anonymous_13)
FNDA:0,(anonymous_15)
DA:1,0
DA:3,0
DA:11,0
DA:13,0
DA:16,0
DA:17,0
DA:18,0
DA:19,0
DA:21,0
DA:24,0
DA:26,0
LF:11
LH:0
BRF:0
BRH:0
end_of_record
TN:
SF:/home/oliver/Documents/seng350/seng350f19-project-2-1/src/app.ts
FN:17,(anonymous_1)
FN:39,Server
FN:29,(anonymous_3)
FN:56,(anonymous_4)
FN:79,(anonymous_5)
FN:95,(anonymous_6)
FNF:6
FNH:0
FNDA:0,(anonymous_1)
FNDA:0,Server
FNDA:0,(anonymous_3)
FNDA:0,(anonymous_4)
FNDA:0,(anonymous_5)
FNDA:0,(anonymous_6)
DA:2,0
DA:3,0
DA:4,0
DA:5,0
DA:6,0
DA:7,0
DA:8,0
DA:9,0
DA:10,0
DA:17,0
DA:29,0
DA:30,0
DA:41,0
DA:44,0
DA:47,0
DA:56,0
DA:58,0
DA:61,0
DA:62,0
DA:65,0
DA:68,0
DA:71,0
DA:76,0
DA:79,0
DA:80,0
DA:81,0
DA:85,0
DA:95,0
DA:97,0
DA:99,0
DA:100,0
DA:101,0
DA:104,0
DA:107,0
LF:34
LH:0
BRF:0
BRH:0
end_of_record
TN:
SF:/home/oliver/Documents/seng350/seng350f19-project-2-1/src/daos/purchaseDao.ts
FN:3,(anonymous_13)
FN:7,PurchaseDao
FN:12,(anonymous_15)
FN:26,(anonymous_18)
FNF:4
FNH:0
FNDA:0,(anonymous_13)
FNDA:0,PurchaseDao
FNDA:0,(anonymous_15)
FNDA:0,(anonymous_18)
DA:1,0
DA:3,0
DA:5,0
DA:12,0
DA:16,0
DA:17,0
DA:19,0
DA:22,0
DA:26,0
DA:30,0
DA:31,0
DA:33,0
DA:36,0
DA:38,0
LF:14
LH:0
BRDA:22,0,0,0
BRDA:36,1,0,0
BRF:2
BRH:0
end_of_record
TN:
SF:/home/oliver/Documents/seng350/seng350f19-project-2-1/src/daos/userDao.ts
FN:3,(anonymous_13)
FN:5,UserDao
FN:10,(anonymous_15)
FN:24,(anonymous_18)
FNF:4
FNH:0
FNDA:0,(anonymous_13)
FNDA:0,UserDao
FNDA:0,(anonymous_15)
FNDA:0,(anonymous_18)
DA:1,0
DA:3,0
DA:10,0
DA:14,0
DA:15,0
DA:17,0
DA:20,0
DA:24,0
DA:28,0
DA:29,0
DA:31,0
DA:34,0
DA:36,0
LF:13
LH:0
BRDA:20,0,0,0
BRDA:34,1,0,0
BRF:2
BRH:0
end_of_record
TN:
SF:/home/oliver/Documents/seng350/seng350f19-project-2-1/src/routes/index.ts
FN:11,(anonymous_20)
FN:45,IndexRoute
FN:20,(anonymous_22)
FN:25,(anonymous_23)
FN:25,(anonymous_24)
FN:34,(anonymous_26)
FN:34,(anonymous_27)
FN:50,(anonymous_29)
FN:52,(anonymous_32)
FN:53,(anonymous_33)
FN:53,(anonymous_34)
FN:54,(anonymous_36)
FN:57,(anonymous_37)
FN:74,(anonymous_38)
FN:79,(anonymous_41)
FN:80,(anonymous_42)
FN:80,(anonymous_43)
FN:81,(anonymous_45)
FN:84,(anonymous_46)
FN:111,(anonymous_47)
FN:134,(anonymous_50)
FNF:21
FNH:0
FNDA:0,(anonymous_20)
FNDA:0,IndexRoute
FNDA:0,(anonymous_22)
FNDA:0,(anonymous_23)
FNDA:0,(anonymous_24)
FNDA:0,(anonymous_26)
FNDA:0,(anonymous_27)
FNDA:0,(anonymous_29)
FNDA:0,(anonymous_32)
FNDA:0,(anonymous_33)
FNDA:0,(anonymous_34)
FNDA:0,(anonymous_36)
FNDA:0,(anonymous_37)
FNDA:0,(anonymous_38)
FNDA:0,(anonymous_41)
FNDA:0,(anonymous_42)
FNDA:0,(anonymous_43)
FNDA:0,(anonymous_45)
FNDA:0,(anonymous_46)
FNDA:0,(anonymous_47)
FNDA:0,(anonymous_50)
DA:2,0
DA:3,0
DA:11,0
DA:20,0
DA:22,0
DA:25,0
DA:26,0
DA:34,0
DA:35,0
DA:46,0
DA:50,0
DA:51,0
DA:52,0
DA:53,0
DA:54,0
DA:55,0
DA:57,0
DA:59,0
DA:60,0
DA:65,0
DA:67,0
DA:68,0
DA:69,0
DA:71,0
DA:74,0
DA:75,0
DA:76,0
DA:78,0
DA:79,0
DA:80,0
DA:81,0
DA:82,0
DA:84,0
DA:85,0
DA:86,0
DA:91,0
DA:93,0
DA:94,0
DA:95,0
DA:96,0
DA:98,0
DA:99,0
DA:111,0
DA:113,0
DA:115,0
DA:118,0
DA:124,0
DA:127,0
DA:134,0
DA:135,0
DA:137,0
DA:138,0
DA:140,0
DA:148,0
DA:154,0
DA:157,0
LF:56
LH:0
BRDA:46,0,0,0
BRDA:46,0,1,0
BRF:2
BRH:0
end_of_record
TN:
SF:/home/oliver/Documents/seng350/seng350f19-project-2-1/src/routes/purchaseRouter.ts
FN:4,(anonymous_13)
FN:18,PurchaseRouter
FN:8,(anonymous_15)
FN:13,(anonymous_16)
FN:13,(anonymous_17)
FN:25,(anonymous_19)
FNF:6
FNH:0
FNDA:0,(anonymous_13)
FNDA:0,PurchaseRouter
FNDA:0,(anonymous_15)
FNDA:0,(anonymous_16)
FNDA:0,(anonymous_17)
FNDA:0,(anonymous_19)
DA:2,0
DA:4,0
DA:8,0
DA:10,0
DA:13,0
DA:14,0
DA:19,0
DA:25,0
DA:27,0
DA:30,0
DA:32,0
DA:35,0
DA:36,0
DA:43,0
DA:50,0
LF:15
LH:0
BRDA:14,0,0,0
BRDA:35,1,0,0
BRDA:35,1,1,0
BRF:3
BRH:0
end_of_record
TN:
SF:/home/oliver/Documents/seng350/seng350f19-project-2-1/src/routes/route.ts
FN:9,(anonymous_0)
FN:22,BaseRoute
FN:36,(anonymous_2)
FN:52,(anonymous_3)
FNF:4
FNH:0
FNDA:0,(anonymous_0)
FNDA:0,BaseRoute
FNDA:0,(anonymous_2)
FNDA:0,(anonymous_3)
DA:9,0
DA:24,0
DA:25,0
DA:36,0
DA:37,0
DA:38,0
DA:52,0
DA:54,0
DA:57,0
DA:60,0
DA:63,0
DA:65,0
LF:12
LH:0
BRF:0
BRH:0
end_of_record
TN:
SF:/home/oliver/Documents/seng350/seng350f19-project-2-1/src/routes/userRouter.ts
FN:4,(anonymous_13)
FN:23,UserRouter
FN:8,(anonymous_15)
FN:13,(anonymous_16)
FN:13,(anonymous_17)
FN:18,(anonymous_19)
FN:18,(anonymous_20)
FN:30,(anonymous_22)
FN:59,(anonymous_25)
FNF:9
FNH:0
FNDA:0,(anonymous_13)
FNDA:0,UserRouter
FNDA:0,(anonymous_15)
FNDA:0,(anonymous_16)
FNDA:0,(anonymous_17)
FNDA:0,(anonymous_19)
FNDA:0,(anonymous_20)
FNDA:0,(anonymous_22)
FNDA:0,(anonymous_25)
DA:2,0
DA:4,0
DA:8,0
DA:10,0
DA:13,0
DA:14,0
DA:18,0
DA:19,0
DA:24,0
DA:30,0
DA:31,0
DA:34,0
DA:36,0
DA:39,0
DA:40,0
DA:47,0
DA:59,0
DA:61,0
DA:66,0
DA:68,0
DA:71,0
DA:72,0
DA:79,0
DA:86,0
LF:24
LH:0
BRDA:14,0,0,0
BRDA:19,1,0,0
BRDA:39,2,0,0
BRDA:39,2,1,0
BRDA:71,3,0,0
BRDA:71,3,1,0
BRF:6
BRH:0
end_of_record
