TN:
SF:/home/oliver/Documents/seng350/seng350f19-project-2-1/src/DbClient.ts
FN:3,(anonymous_13)
FN:11,(anonymous_15)
FNF:2
FNH:2
FNDA:2,(anonymous_13)
FNDA:2,(anonymous_15)
DA:1,1
DA:3,1
DA:11,1
DA:13,2
DA:16,2
DA:17,2
DA:18,2
DA:19,2
DA:21,0
DA:24,1
DA:26,1
LF:11
LH:10
BRF:0
BRH:0
end_of_record
TN:
SF:/home/oliver/Documents/seng350/seng350f19-project-2-1/src/daos/userDao.ts
FN:3,(anonymous_13)
FN:5,UserDao
FN:10,(anonymous_15)
FN:24,(anonymous_18)
FNF:4
FNH:3
FNDA:1,(anonymous_13)
FNDA:2,UserDao
FNDA:2,(anonymous_15)
FNDA:0,(anonymous_18)
DA:1,1
DA:3,1
DA:10,1
DA:14,2
DA:15,2
DA:17,0
DA:20,2
DA:24,1
DA:28,0
DA:29,0
DA:31,0
DA:34,0
DA:36,1
LF:13
LH:8
BRDA:20,0,0,2
BRDA:34,1,0,0
BRF:2
BRH:1
end_of_record
TN:
SF:/home/oliver/Documents/seng350/seng350f19-project-2-1/tests/sampleFunctions.ts
FN:1,sum
FNF:1
FNH:1
FNDA:1,sum
DA:1,1
DA:2,1
LF:2
LH:2
BRF:0
BRH:0
end_of_record
